<?xml version="1.0" encoding="UTF-8"?>
<testsuite name="br.gov.sp.fatec.mapskills.report.restapi.ReportControllerTest" time="3.113" tests="8" errors="0" skipped="0" failures="0">
  <properties>
    <property name="java.runtime.name" value="Java(TM) SE Runtime Environment"/>
    <property name="sun.boot.library.path" value="D:\Programas\Java\jdk1.8.0_51\jre\bin"/>
    <property name="java.vm.version" value="25.51-b03"/>
    <property name="java.vm.vendor" value="Oracle Corporation"/>
    <property name="maven.multiModuleProjectDirectory" value="C:\Users\Marcelo\Documents\GitHub\mapskills-report"/>
    <property name="java.vendor.url" value="http://java.oracle.com/"/>
    <property name="path.separator" value=";"/>
    <property name="guice.disable.misplaced.annotation.check" value="true"/>
    <property name="java.vm.name" value="Java HotSpot(TM) 64-Bit Server VM"/>
    <property name="file.encoding.pkg" value="sun.io"/>
    <property name="user.script" value=""/>
    <property name="user.country" value="BR"/>
    <property name="sun.java.launcher" value="SUN_STANDARD"/>
    <property name="sun.os.patch.level" value=""/>
    <property name="java.vm.specification.name" value="Java Virtual Machine Specification"/>
    <property name="user.dir" value="C:\Users\Marcelo\Documents\GitHub\mapskills-report"/>
    <property name="java.runtime.version" value="1.8.0_51-b16"/>
    <property name="java.awt.graphicsenv" value="sun.awt.Win32GraphicsEnvironment"/>
    <property name="java.endorsed.dirs" value="D:\Programas\Java\jdk1.8.0_51\jre\lib\endorsed"/>
    <property name="os.arch" value="amd64"/>
    <property name="java.io.tmpdir" value="C:\Users\Marcelo\AppData\Local\Temp\"/>
    <property name="line.separator" value="&#10;"/>
    <property name="java.vm.specification.vendor" value="Oracle Corporation"/>
    <property name="user.variant" value=""/>
    <property name="os.name" value="Windows 8.1"/>
    <property name="net.sourceforge.cobertura.datafile" value="C:\Users\Marcelo\Documents\GitHub\mapskills-report\target\cobertura\cobertura.ser"/>
    <property name="classworlds.conf" value="D:\Programas\apache-maven-3.3.9\bin\m2.conf"/>
    <property name="sun.jnu.encoding" value="Cp1252"/>
    <property name="java.library.path" value="D:\Programas\Java\jdk1.8.0_51\bin;C:\WINDOWS\Sun\Java\bin;C:\WINDOWS\system32;C:\WINDOWS;C:\ProgramData\Oracle\Java\javapath;C:\GTK\bin;C:\Program Files (x86)\Intel\iCLS Client\;C:\Program Files\Intel\iCLS Client\;C:\Windows\system32;C:\Windows;C:\Windows\System32\Wbem;C:\Windows\System32\WindowsPowerShell\v1.0\;C:\Program Files\Intel\Intel(R) Management Engine Components\DAL;C:\Program Files\Intel\Intel(R) Management Engine Components\IPT;C:\Program Files (x86)\Intel\Intel(R) Management Engine Components\DAL;C:\Program Files (x86)\Intel\Intel(R) Management Engine Components\IPT;C:\Program Files (x86)\Windows Live\Shared;C:\Program Files (x86)\NVIDIA Corporation\PhysX\Common;C:\Program Files (x86)\MySQL\MySQL Fabric 1.5.4 &amp; MySQL Utilities 1.5.4 1.5\;C:\Program Files (x86)\MySQL\MySQL Fabric 1.5.4 &amp; MySQL Utilities 1.5.4 1.5\Doctrine extensions for PHP\;C:\Program Files\Intel\WiFi\bin\;C:\Program Files\Common Files\Intel\WirelessCommon\;D:\Programas\QuickTime\QTSystem\;D:\Programas\oraclexe\app\oracle\product\11.2.0\server\bin;C:\WINDOWS\system32\config\systemprofile\.dnx\bin;C:\Program Files\Microsoft DNX\Dnvm\;C:\Program Files\Microsoft SQL Server\130\Tools\Binn\;C:\Program Files (x86)\nodejs\;C:\WINDOWS\system32;C:\WINDOWS;C:\WINDOWS\System32\Wbem;C:\WINDOWS\System32\WindowsPowerShell\v1.0\;C:\Program Files\Git\cmd;D:\Programas\apache-maven-3.3.9\bin;D:\Programas\Java\jdk1.8.0_51\bin;D:\Programas\Ruby193\bin;C:\Users\Marcelo\AppData\Roaming\npm;D:\startcode\putty;C:\Users\Marcelo\AppData\Local\Microsoft\WindowsApps;C:\Users\Marcelo\AppData\Local\atom\bin;D:\Programas\Heroku\bin;C:\Program Files\MongoDB\Server\3.4\bin;;."/>
    <property name="java.specification.name" value="Java Platform API Specification"/>
    <property name="java.class.version" value="52.0"/>
    <property name="sun.management.compiler" value="HotSpot 64-Bit Tiered Compilers"/>
    <property name="os.version" value="6.3"/>
    <property name="user.home" value="C:\Users\Marcelo"/>
    <property name="user.timezone" value="America/Sao_Paulo"/>
    <property name="java.awt.printerjob" value="sun.awt.windows.WPrinterJob"/>
    <property name="java.specification.version" value="1.8"/>
    <property name="file.encoding" value="Cp1252"/>
    <property name="user.name" value="Marcelo"/>
    <property name="java.class.path" value="D:\Programas\apache-maven-3.3.9\boot\plexus-classworlds-2.5.2.jar"/>
    <property name="java.vm.specification.version" value="1.8"/>
    <property name="sun.arch.data.model" value="64"/>
    <property name="java.home" value="D:\Programas\Java\jdk1.8.0_51\jre"/>
    <property name="sun.java.command" value="org.codehaus.plexus.classworlds.launcher.Launcher cobertura:cobertura"/>
    <property name="java.specification.vendor" value="Oracle Corporation"/>
    <property name="user.language" value="pt"/>
    <property name="awt.toolkit" value="sun.awt.windows.WToolkit"/>
    <property name="java.vm.info" value="mixed mode"/>
    <property name="java.version" value="1.8.0_51"/>
    <property name="java.ext.dirs" value="D:\Programas\Java\jdk1.8.0_51\jre\lib\ext;C:\WINDOWS\Sun\Java\lib\ext"/>
    <property name="sun.boot.class.path" value="D:\Programas\Java\jdk1.8.0_51\jre\lib\resources.jar;D:\Programas\Java\jdk1.8.0_51\jre\lib\rt.jar;D:\Programas\Java\jdk1.8.0_51\jre\lib\sunrsasign.jar;D:\Programas\Java\jdk1.8.0_51\jre\lib\jsse.jar;D:\Programas\Java\jdk1.8.0_51\jre\lib\jce.jar;D:\Programas\Java\jdk1.8.0_51\jre\lib\charsets.jar;D:\Programas\Java\jdk1.8.0_51\jre\lib\jfr.jar;D:\Programas\Java\jdk1.8.0_51\jre\classes"/>
    <property name="sun.stderr.encoding" value="cp850"/>
    <property name="java.vendor" value="Oracle Corporation"/>
    <property name="maven.home" value="D:\Programas\apache-maven-3.3.9"/>
    <property name="file.separator" value="\"/>
    <property name="java.vendor.url.bug" value="http://bugreport.sun.com/bugreport/"/>
    <property name="sun.cpu.endian" value="little"/>
    <property name="sun.io.unicode.encoding" value="UnicodeLittle"/>
    <property name="project.build.outputDirectory" value="C:\Users\Marcelo\Documents\GitHub\mapskills-report\target\generated-classes\cobertura"/>
    <property name="sun.stdout.encoding" value="cp850"/>
    <property name="sun.desktop" value="windows"/>
    <property name="sun.cpu.isalist" value="amd64"/>
  </properties>
  <testcase name="reportStudentResultTest" classname="br.gov.sp.fatec.mapskills.report.restapi.ReportControllerTest" time="0.005"/>
  <testcase name="getInstitutionSuperiorIndicator" classname="br.gov.sp.fatec.mapskills.report.restapi.ReportControllerTest" time="0.006"/>
  <testcase name="getInstitutionLevelIndicator" classname="br.gov.sp.fatec.mapskills.report.restapi.ReportControllerTest" time="0.014"/>
  <testcase name="getInstitutionTechnicalIndicator" classname="br.gov.sp.fatec.mapskills.report.restapi.ReportControllerTest" time="0.016"/>
  <testcase name="downloadTest" classname="br.gov.sp.fatec.mapskills.report.restapi.ReportControllerTest" time="0.64"/>
  <testcase name="reportStudentResultWithParamTest" classname="br.gov.sp.fatec.mapskills.report.restapi.ReportControllerTest" time="0.642"/>
  <testcase name="getStudentResultTest" classname="br.gov.sp.fatec.mapskills.report.restapi.ReportControllerTest" time="1.061"/>
  <testcase name="getInstitutionCoursesIndicator" classname="br.gov.sp.fatec.mapskills.report.restapi.ReportControllerTest" time="0.729"/>
</testsuite>